<?xml version="1.0" encoding="UTF-8"?>
<!-- Generated by org.testng.reporters.JUnitReportReporter -->
<testsuite hostname="Indranil-Sharmistha" failures="0" tests="4" name="api.test.UserTests2" time="9.093" errors="0" timestamp="2024-01-22T18:51:50 IST" skipped="0">
  <testcase classname="api.test.UserTests2" name="testPostUser" time="4.196"/>
  <testcase classname="api.test.UserTests2" name="testGetUserByName" time="1.316"/>
  <testcase classname="api.test.UserTests2" name="testUpdateByName" time="2.426"/>
  <testcase classname="api.test.UserTests2" name="testDeleteUserName" time="1.155"/>
</testsuite> <!-- api.test.UserTests2 -->
