<?xml version="1.0" encoding="UTF-8"?>
<!-- Generated by org.testng.reporters.JUnitReportReporter -->
<testsuite hostname="Indranil-Sharmistha" failures="0" tests="6" name="api.test.DDTests" time="9.240" errors="0" timestamp="2024-01-21T03:11:37 IST" skipped="0">
  <testcase classname="api.test.DDTests" name="testPostuser" time="3.098"/>
  <testcase classname="api.test.DDTests" name="testPostuser" time="1.250"/>
  <testcase classname="api.test.DDTests" name="testPostuser" time="1.157"/>
  <testcase classname="api.test.DDTests" name="testDeleteUserByName" time="1.278"/>
  <testcase classname="api.test.DDTests" name="testDeleteUserByName" time="1.221"/>
  <testcase classname="api.test.DDTests" name="testDeleteUserByName" time="1.236"/>
</testsuite> <!-- api.test.DDTests -->
