<?xml version="1.0" encoding="UTF-8"?>
<!-- Generated by org.testng.reporters.JUnitReportReporter -->
<testsuite hostname="Indranil-Sharmistha" failures="0" tests="4" name="api.test.UserTests" time="10.270" errors="0" timestamp="2024-01-22T01:48:52 IST" skipped="0">
  <testcase classname="api.test.UserTests" name="testPostUser" time="4.023"/>
  <testcase classname="api.test.UserTests" name="testGetUserByName" time="1.342"/>
  <testcase classname="api.test.UserTests" name="testUpdateByName" time="2.600"/>
  <testcase classname="api.test.UserTests" name="testDeleteUserName" time="2.305"/>
</testsuite> <!-- api.test.UserTests -->
